app/build/intermediates/manifest_merge_blame_file/debug/manifest-merger-blame-debug-report.txt
1<?xml version="1.0" encoding="utf-8"?>
2<manifest xmlns:android="http://schemas.android.com/apk/res/android"
3    package="com.example.myapplication"
4    android:versionCode="1"
5    android:versionName="1.0" >
6
7    <uses-sdk
8        android:minSdkVersion="21"
8-->src/main/AndroidManifest.xml
9        android:targetSdkVersion="32" />
9-->src/main/AndroidManifest.xml
10
11    <uses-permission android:name="android.permission.INTERNET" />
11-->src/main/AndroidManifest.xml:4:5-67
11-->src/main/AndroidManifest.xml:4:22-64
12
13    <application
13-->src/main/AndroidManifest.xml:6:5-57:19
14        android:allowBackup="true"
14-->src/main/AndroidManifest.xml:7:9-35
15        android:appComponentFactory="androidx.core.app.CoreComponentFactory"
15-->[androidx.core:core:1.8.0] AndroidManifest.xml:24:18-86
16        android:dataExtractionRules="@xml/data_extraction_rules"
16-->src/main/AndroidManifest.xml:8:9-65
17        android:debuggable="true"
18        android:fullBackupContent="@xml/backup_rules"
18-->src/main/AndroidManifest.xml:9:9-54
19        android:icon="@mipmap/ic_launcher"
19-->src/main/AndroidManifest.xml:10:9-43
20        android:label="@string/app_name"
20-->src/main/AndroidManifest.xml:11:9-41
21        android:roundIcon="@mipmap/ic_launcher_round"
21-->src/main/AndroidManifest.xml:12:9-54
22        android:supportsRtl="true"
22-->src/main/AndroidManifest.xml:13:9-35
23        android:testOnly="true"
24        android:theme="@style/Theme.MyApplication" >
24-->src/main/AndroidManifest.xml:14:9-51
25        <activity
25-->src/main/AndroidManifest.xml:16:9-22:20
26            android:name="com.example.myapplication.MenuActivity"
26-->src/main/AndroidManifest.xml:17:13-41
27            android:exported="false" >
27-->src/main/AndroidManifest.xml:18:13-37
28            <meta-data
28-->src/main/AndroidManifest.xml:19:13-21:36
29                android:name="android.app.lib_name"
29-->src/main/AndroidManifest.xml:20:17-52
30                android:value="" />
30-->src/main/AndroidManifest.xml:21:17-33
31        </activity>
32        <activity
32-->src/main/AndroidManifest.xml:23:9-29:20
33            android:name="com.example.myapplication.InicioActivity"
33-->src/main/AndroidManifest.xml:24:13-43
34            android:exported="false" >
34-->src/main/AndroidManifest.xml:25:13-37
35            <meta-data
35-->src/main/AndroidManifest.xml:19:13-21:36
36                android:name="android.app.lib_name"
36-->src/main/AndroidManifest.xml:20:17-52
37                android:value="" />
37-->src/main/AndroidManifest.xml:21:17-33
38        </activity>
39        <activity
39-->src/main/AndroidManifest.xml:30:9-36:20
40            android:name="com.example.myapplication.LoginActivity"
40-->src/main/AndroidManifest.xml:31:13-42
41            android:exported="false" >
41-->src/main/AndroidManifest.xml:32:13-37
42            <meta-data
42-->src/main/AndroidManifest.xml:19:13-21:36
43                android:name="android.app.lib_name"
43-->src/main/AndroidManifest.xml:20:17-52
44                android:value="" />
44-->src/main/AndroidManifest.xml:21:17-33
45        </activity>
46        <activity
46-->src/main/AndroidManifest.xml:37:9-43:20
47            android:name="com.example.myapplication.RegisterActivity"
47-->src/main/AndroidManifest.xml:38:13-45
48            android:exported="false" >
48-->src/main/AndroidManifest.xml:39:13-37
49            <meta-data
49-->src/main/AndroidManifest.xml:19:13-21:36
50                android:name="android.app.lib_name"
50-->src/main/AndroidManifest.xml:20:17-52
51                android:value="" />
51-->src/main/AndroidManifest.xml:21:17-33
52        </activity>
53        <activity
53-->src/main/AndroidManifest.xml:44:9-56:20
54            android:name="com.example.myapplication.MainActivity"
54-->src/main/AndroidManifest.xml:45:13-41
55            android:exported="true" >
55-->src/main/AndroidManifest.xml:46:13-36
56            <intent-filter>
56-->src/main/AndroidManifest.xml:47:13-51:29
57                <action android:name="android.intent.action.MAIN" />
57-->src/main/AndroidManifest.xml:48:17-69
57-->src/main/AndroidManifest.xml:48:25-66
58
59                <category android:name="android.intent.category.LAUNCHER" />
59-->src/main/AndroidManifest.xml:50:17-77
59-->src/main/AndroidManifest.xml:50:27-74
60            </intent-filter>
61
62            <meta-data
62-->src/main/AndroidManifest.xml:19:13-21:36
63                android:name="android.app.lib_name"
63-->src/main/AndroidManifest.xml:20:17-52
64                android:value="" />
64-->src/main/AndroidManifest.xml:21:17-33
65        </activity>
66
67        <provider
67-->[androidx.emoji2:emoji2:1.2.0] AndroidManifest.xml:24:9-32:20
68            android:name="androidx.startup.InitializationProvider"
68-->[androidx.emoji2:emoji2:1.2.0] AndroidManifest.xml:25:13-67
69            android:authorities="com.example.myapplication.androidx-startup"
69-->[androidx.emoji2:emoji2:1.2.0] AndroidManifest.xml:26:13-68
70            android:exported="false" >
70-->[androidx.emoji2:emoji2:1.2.0] AndroidManifest.xml:27:13-37
71            <meta-data
71-->[androidx.emoji2:emoji2:1.2.0] AndroidManifest.xml:29:13-31:52
72                android:name="androidx.emoji2.text.EmojiCompatInitializer"
72-->[androidx.emoji2:emoji2:1.2.0] AndroidManifest.xml:30:17-75
73                android:value="androidx.startup" />
73-->[androidx.emoji2:emoji2:1.2.0] AndroidManifest.xml:31:17-49
74            <meta-data
74-->[androidx.lifecycle:lifecycle-process:2.4.1] AndroidManifest.xml:31:13-33:52
75                android:name="androidx.lifecycle.ProcessLifecycleInitializer"
75-->[androidx.lifecycle:lifecycle-process:2.4.1] AndroidManifest.xml:32:17-78
76                android:value="androidx.startup" />
76-->[androidx.lifecycle:lifecycle-process:2.4.1] AndroidManifest.xml:33:17-49
77        </provider>
78    </application>
79
80</manifest>